2022-05-31 01:11:52,735:INFO:As there is no db local file, a new firmwaredatabase.db will be created in the file directory.
2022-05-31 01:11:53,092:INFO:The database is created successfully in the code repository with CREATE TABLE IF NOT EXISTS FWDB(
						Fwfileid VARCHAR PRIMARY KEY,
						Manufacturer TEXT NOT NULL,
						Modelname VARCHAR NOT NULL,
						Version TEXT NOT NULL,
						Type TEXT NOT NULL,
						Releasedate TEXT,
						Checksum TEXT,
						Embatested TEXT NOT NULL,
						Embalinktoreport TEXT,
						Embarklinktoreport TEXT,
						Fwdownlink TEXT NOT NULL,
						Fwfilelinktolocal TEXT NOT NULL,
						Fwadddata BLOB).
2022-05-31 01:11:53,093:INFO:As the firmwaredatabase.db is found, a new connection will be established.
2022-05-31 01:11:53,094:INFO:Connection details: <sqlite3.Connection object at 0x0000012FACF9E210>
2022-05-31 01:11:53,094:INFO:A cursor is established on firmwaredatabase.db, with the details <sqlite3.Cursor object at 0x0000012FACEFA3B0>.
2022-05-31 01:11:53,094:INFO:The table FWDB is selected in the firmwaredatabase.db with the command: select * from FWDB.
2022-05-31 01:11:53,094:INFO:The firmwaredatabase.db is updated with the Key: Fwfileid and Value: FILE.
2022-05-31 01:11:53,094:INFO:The firmwaredatabase.db is updated with the Key: Manufacturer and Value: Siemens.
2022-05-31 01:11:53,095:INFO:The firmwaredatabase.db is updated with the Key: Modelname and Value: SZ-100.
2022-05-31 01:11:53,095:INFO:The firmwaredatabase.db is updated with the Key: Version and Value: 1.2.3.
2022-05-31 01:11:53,095:INFO:The firmwaredatabase.db is updated with the Key: Type and Value: Router.
2022-05-31 01:11:53,095:INFO:The firmwaredatabase.db is updated with the Key: Releasedate and Value: 2022-05-24.
2022-05-31 01:11:53,095:INFO:The firmwaredatabase.db is updated with the Key: Checksum and Value: None.
2022-05-31 01:11:53,095:INFO:The firmwaredatabase.db is updated with the Key: Embatested and Value: Yes.
2022-05-31 01:11:53,095:INFO:The firmwaredatabase.db is updated with the Key: Embalinktoreport and Value: None.
2022-05-31 01:11:53,095:INFO:The firmwaredatabase.db is updated with the Key: Embarklinktoreport and Value: https://xyz.com.
2022-05-31 01:11:53,095:INFO:The firmwaredatabase.db is updated with the Key: Fwdownlink and Value: https://google.com.
2022-05-31 01:11:53,095:INFO:The firmwaredatabase.db is updated with the Key: Fwfilelinktolocal and Value: ./xyz/abc.tar.
2022-05-31 01:11:53,095:INFO:The firmwaredatabase.db is updated with the Key: Fwadddata and Value: some long sentence.
2022-05-31 01:11:53,096:INFO:The db is updated with the Fwfiledid.
2022-05-31 01:11:53,099:INFO:The db is inserted with the command INSERT INTO FWDB('Fwfileid','Manufacturer','Modelname','Version','Type','Releasedate','Checksum','Embatested','Embalinktoreport','Embarklinktoreport','Fwdownlink','Fwfilelinktolocal','Fwadddata') 
									VALUES('FILE_1','Siemens','SZ-100','1.2.3','Router','2022-05-24','None','Yes','None','https://xyz.com','https://google.com','./xyz/abc.tar','some long sentence').
2022-05-31 01:11:53,192:INFO:The db commited is with data {'Fwfileid': 'FILE_1', 'Manufacturer': 'Siemens', 'Modelname': 'SZ-100', 'Version': '1.2.3', 'Type': 'Router', 'Releasedate': '2022-05-24', 'Checksum': 'None', 'Embatested': 'Yes', 'Embalinktoreport': 'None', 'Embarklinktoreport': 'https://xyz.com', 'Fwdownlink': 'https://google.com', 'Fwfilelinktolocal': './xyz/abc.tar', 'Fwadddata': 'some long sentence'}.
2022-05-31 01:14:59,415:INFO:As the firmwaredatabase.db is found, a new connection will be established.
2022-05-31 01:15:08,479:INFO:As the firmwaredatabase.db is found, a new connection will be established.
2022-05-31 01:15:08,480:INFO:Connection details: <sqlite3.Connection object at 0x0000028CCBB6E210>
2022-05-31 01:15:22,028:INFO:As the firmwaredatabase.db is found, a new connection will be established.
2022-05-31 01:15:22,028:INFO:Connection details: <sqlite3.Connection object at 0x00000201EE11E210>
2022-05-31 01:15:22,029:INFO:A cursor is established on firmwaredatabase.db, with the details <sqlite3.Cursor object at 0x00000201EE07A2D0>.
2022-05-31 01:15:22,029:INFO:The table FWDB is selected in the firmwaredatabase.db with the command: select * from FWDB.
2022-05-31 01:15:22,029:INFO:The firmwaredatabase.db is updated with the Key: Fwfileid and Value: FILE.
2022-05-31 01:15:22,029:INFO:The firmwaredatabase.db is updated with the Key: Manufacturer and Value: Siemens.
2022-05-31 01:15:22,029:INFO:The firmwaredatabase.db is updated with the Key: Modelname and Value: SZ-100.
2022-05-31 01:15:22,030:INFO:The firmwaredatabase.db is updated with the Key: Version and Value: 1.2.3.
2022-05-31 01:15:22,030:INFO:The firmwaredatabase.db is updated with the Key: Type and Value: Router.
2022-05-31 01:15:22,030:INFO:The firmwaredatabase.db is updated with the Key: Releasedate and Value: 2022-05-24.
2022-05-31 01:15:22,030:INFO:The firmwaredatabase.db is updated with the Key: Checksum and Value: None.
2022-05-31 01:15:22,030:INFO:The firmwaredatabase.db is updated with the Key: Embatested and Value: Yes.
2022-05-31 01:15:22,030:INFO:The firmwaredatabase.db is updated with the Key: Embalinktoreport and Value: None.
2022-05-31 01:15:22,030:INFO:The firmwaredatabase.db is updated with the Key: Embarklinktoreport and Value: https://xyz.com.
2022-05-31 01:15:22,030:INFO:The firmwaredatabase.db is updated with the Key: Fwdownlink and Value: https://google.com.
2022-05-31 01:15:22,030:INFO:The firmwaredatabase.db is updated with the Key: Fwfilelinktolocal and Value: ./xyz/abc.tar.
2022-05-31 01:15:22,030:INFO:The firmwaredatabase.db is updated with the Key: Fwadddata and Value: some long sentence.
2022-05-31 01:15:22,030:INFO:The db is updated with the Fwfiledid.
2022-05-31 01:15:22,031:INFO:The db is inserted with the command INSERT INTO FWDB('Fwfileid','Manufacturer','Modelname','Version','Type','Releasedate','Checksum','Embatested','Embalinktoreport','Embarklinktoreport','Fwdownlink','Fwfilelinktolocal','Fwadddata') 
									VALUES('FILE_2','Siemens','SZ-100','1.2.3','Router','2022-05-24','None','Yes','None','https://xyz.com','https://google.com','./xyz/abc.tar','some long sentence').
2022-05-31 01:15:22,184:INFO:The db commited is with data {'Fwfileid': 'FILE_2', 'Manufacturer': 'Siemens', 'Modelname': 'SZ-100', 'Version': '1.2.3', 'Type': 'Router', 'Releasedate': '2022-05-24', 'Checksum': 'None', 'Embatested': 'Yes', 'Embalinktoreport': 'None', 'Embarklinktoreport': 'https://xyz.com', 'Fwdownlink': 'https://google.com', 'Fwfilelinktolocal': './xyz/abc.tar', 'Fwadddata': 'some long sentence'}.
2022-05-31 01:16:27,738:INFO:As the firmwaredatabase.db is found, a new connection will be established.
2022-05-31 01:16:45,836:INFO:As the firmwaredatabase.db is found, a new connection will be established.
2022-05-31 01:16:45,837:INFO:Connection details: <sqlite3.Connection object at 0x0000026FA7B04030>
2022-05-31 01:16:45,837:INFO:A cursor is established on firmwaredatabase.db, with the details [].
2022-05-31 01:16:45,838:INFO:The table FWDB is selected in the firmwaredatabase.db with the command: select * from FWDB.
2022-05-31 01:16:45,838:INFO:The firmwaredatabase.db is updated with the Key: Fwfileid and Value: FILE.
2022-05-31 01:16:45,838:INFO:The firmwaredatabase.db is updated with the Key: Manufacturer and Value: Siemens.
2022-05-31 01:16:45,838:INFO:The firmwaredatabase.db is updated with the Key: Modelname and Value: SZ-100.
2022-05-31 01:16:45,838:INFO:The firmwaredatabase.db is updated with the Key: Version and Value: 1.2.3.
2022-05-31 01:16:45,838:INFO:The firmwaredatabase.db is updated with the Key: Type and Value: Router.
2022-05-31 01:16:45,838:INFO:The firmwaredatabase.db is updated with the Key: Releasedate and Value: 2022-05-24.
2022-05-31 01:16:45,838:INFO:The firmwaredatabase.db is updated with the Key: Checksum and Value: None.
2022-05-31 01:16:45,838:INFO:The firmwaredatabase.db is updated with the Key: Embatested and Value: Yes.
2022-05-31 01:16:45,839:INFO:The firmwaredatabase.db is updated with the Key: Embalinktoreport and Value: None.
2022-05-31 01:16:45,839:INFO:The firmwaredatabase.db is updated with the Key: Embarklinktoreport and Value: https://xyz.com.
2022-05-31 01:16:45,839:INFO:The firmwaredatabase.db is updated with the Key: Fwdownlink and Value: https://google.com.
2022-05-31 01:16:45,839:INFO:The firmwaredatabase.db is updated with the Key: Fwfilelinktolocal and Value: ./xyz/abc.tar.
2022-05-31 01:16:45,839:INFO:The firmwaredatabase.db is updated with the Key: Fwadddata and Value: some long sentence.
2022-05-31 01:16:45,839:INFO:The db is updated with the Fwfiledid.
2022-05-31 01:16:45,840:INFO:The db is inserted with the command INSERT INTO FWDB('Fwfileid','Manufacturer','Modelname','Version','Type','Releasedate','Checksum','Embatested','Embalinktoreport','Embarklinktoreport','Fwdownlink','Fwfilelinktolocal','Fwadddata') 
									VALUES('FILE_3','Siemens','SZ-100','1.2.3','Router','2022-05-24','None','Yes','None','https://xyz.com','https://google.com','./xyz/abc.tar','some long sentence').
2022-05-31 01:16:45,979:INFO:The db commited is with data {'Fwfileid': 'FILE_3', 'Manufacturer': 'Siemens', 'Modelname': 'SZ-100', 'Version': '1.2.3', 'Type': 'Router', 'Releasedate': '2022-05-24', 'Checksum': 'None', 'Embatested': 'Yes', 'Embalinktoreport': 'None', 'Embarklinktoreport': 'https://xyz.com', 'Fwdownlink': 'https://google.com', 'Fwfilelinktolocal': './xyz/abc.tar', 'Fwadddata': 'some long sentence'}.
2022-05-31 01:44:45,639:INFO:As the firmwaredatabase.db is found, a new connection will be established.
2022-05-31 01:44:45,640:INFO:Connection details: <sqlite3.Connection object at 0x000001A15BCAE210>
2022-05-31 01:44:45,640:INFO:A cursor is established on firmwaredatabase.db, with the details <sqlite3.Cursor object at 0x000001A15BBFA2D0>.
2022-05-31 01:44:45,640:INFO:The table FWDB is selected in the firmwaredatabase.db with the command: select * from FWDB.
2022-05-31 01:44:45,640:INFO:The firmwaredatabase.db is updated with the Key: Fwfileid and Value: FILE.
2022-05-31 01:44:45,641:INFO:The firmwaredatabase.db is updated with the Key: Manufacturer and Value: Siemens.
2022-05-31 01:44:45,641:INFO:The firmwaredatabase.db is updated with the Key: Modelname and Value: SZ-100.
2022-05-31 01:44:45,641:INFO:The firmwaredatabase.db is updated with the Key: Version and Value: 1.2.3.
2022-05-31 01:44:45,641:INFO:The firmwaredatabase.db is updated with the Key: Type and Value: Router.
2022-05-31 01:44:45,641:INFO:The firmwaredatabase.db is updated with the Key: Releasedate and Value: 2022-05-31.
2022-05-31 01:44:45,641:INFO:The firmwaredatabase.db is updated with the Key: Checksum and Value: None.
2022-05-31 01:44:45,641:INFO:The firmwaredatabase.db is updated with the Key: Embatested and Value: Yes.
2022-05-31 01:44:45,641:INFO:The firmwaredatabase.db is updated with the Key: Embalinktoreport and Value: None.
2022-05-31 01:44:45,641:INFO:The firmwaredatabase.db is updated with the Key: Embarklinktoreport and Value: https://xyz.com.
2022-05-31 01:44:45,641:INFO:The firmwaredatabase.db is updated with the Key: Fwdownlink and Value: https://google.com.
2022-05-31 01:44:45,641:INFO:The firmwaredatabase.db is updated with the Key: Fwfilelinktolocal and Value: ./xyz/abc.tar.
2022-05-31 01:44:45,641:INFO:The firmwaredatabase.db is updated with the Key: Fwadddata and Value: some long sentence.
2022-05-31 01:44:45,641:INFO:The db is updated with the Fwfiledid.
2022-05-31 01:44:45,642:INFO:The db is inserted with the command INSERT INTO FWDB('Fwfileid','Manufacturer','Modelname','Version','Type','Releasedate','Checksum','Embatested','Embalinktoreport','Embarklinktoreport','Fwdownlink','Fwfilelinktolocal','Fwadddata') 
									VALUES('FILE_4','Siemens','SZ-100','1.2.3','Router','2022-05-31','None','Yes','None','https://xyz.com','https://google.com','./xyz/abc.tar','some long sentence').
2022-05-31 01:44:45,788:INFO:The db commited is with data {'Fwfileid': 'FILE_4', 'Manufacturer': 'Siemens', 'Modelname': 'SZ-100', 'Version': '1.2.3', 'Type': 'Router', 'Releasedate': '2022-05-31', 'Checksum': 'None', 'Embatested': 'Yes', 'Embalinktoreport': 'None', 'Embarklinktoreport': 'https://xyz.com', 'Fwdownlink': 'https://google.com', 'Fwfilelinktolocal': './xyz/abc.tar', 'Fwadddata': 'some long sentence'}.
2022-05-31 01:48:33,864:INFO:database:As the firmwaredatabase.db is found, a new connection will be established.
2022-05-31 01:48:33,865:INFO:database:Connection details: <sqlite3.Connection object at 0x000001F7D892E210>
2022-05-31 01:48:33,865:INFO:database:A cursor is established on firmwaredatabase.db, with the details <sqlite3.Cursor object at 0x000001F7D887A2D0>.
2022-05-31 01:48:33,866:INFO:database:The table FWDB is selected in the firmwaredatabase.db with the command: select * from FWDB.
2022-05-31 01:48:33,866:INFO:database:The firmwaredatabase.db is updated with the Key: Fwfileid and Value: FILE.
2022-05-31 01:48:33,866:INFO:database:The firmwaredatabase.db is updated with the Key: Manufacturer and Value: Siemens.
2022-05-31 01:48:33,866:INFO:database:The firmwaredatabase.db is updated with the Key: Modelname and Value: SZ-100.
2022-05-31 01:48:33,866:INFO:database:The firmwaredatabase.db is updated with the Key: Version and Value: 1.2.3.
2022-05-31 01:48:33,866:INFO:database:The firmwaredatabase.db is updated with the Key: Type and Value: Router.
2022-05-31 01:48:33,866:INFO:database:The firmwaredatabase.db is updated with the Key: Releasedate and Value: 2022-05-31.
2022-05-31 01:48:33,866:INFO:database:The firmwaredatabase.db is updated with the Key: Checksum and Value: None.
2022-05-31 01:48:33,866:INFO:database:The firmwaredatabase.db is updated with the Key: Embatested and Value: Yes.
2022-05-31 01:48:33,866:INFO:database:The firmwaredatabase.db is updated with the Key: Embalinktoreport and Value: None.
2022-05-31 01:48:33,866:INFO:database:The firmwaredatabase.db is updated with the Key: Embarklinktoreport and Value: https://xyz.com.
2022-05-31 01:48:33,867:INFO:database:The firmwaredatabase.db is updated with the Key: Fwdownlink and Value: https://google.com.
2022-05-31 01:48:33,867:INFO:database:The firmwaredatabase.db is updated with the Key: Fwfilelinktolocal and Value: ./xyz/abc.tar.
2022-05-31 01:48:33,867:INFO:database:The firmwaredatabase.db is updated with the Key: Fwadddata and Value: some long sentence.
2022-05-31 01:48:33,868:INFO:database:The db is updated with the Fwfiledid.
2022-05-31 01:48:33,869:INFO:database:The db is inserted with the command INSERT INTO FWDB('Fwfileid','Manufacturer','Modelname','Version','Type','Releasedate','Checksum','Embatested','Embalinktoreport','Embarklinktoreport','Fwdownlink','Fwfilelinktolocal','Fwadddata') 
									VALUES('FILE_5','Siemens','SZ-100','1.2.3','Router','2022-05-31','None','Yes','None','https://xyz.com','https://google.com','./xyz/abc.tar','some long sentence').
2022-05-31 01:48:34,078:INFO:database:The db commited is with data {'Fwfileid': 'FILE_5', 'Manufacturer': 'Siemens', 'Modelname': 'SZ-100', 'Version': '1.2.3', 'Type': 'Router', 'Releasedate': '2022-05-31', 'Checksum': 'None', 'Embatested': 'Yes', 'Embalinktoreport': 'None', 'Embarklinktoreport': 'https://xyz.com', 'Fwdownlink': 'https://google.com', 'Fwfilelinktolocal': './xyz/abc.tar', 'Fwadddata': 'some long sentence'}.
2022-05-31 01:48:59,893:INFO:database:As the firmwaredatabase.db is found, a new connection will be established.
2022-05-31 01:48:59,894:INFO:database:Connection details: <sqlite3.Connection object at 0x000001DAA2D0C030>
2022-05-31 01:48:59,894:INFO:database:A cursor is established on firmwaredatabase.db, with the details <sqlite3.Cursor object at 0x000001DAA2B0CCE0>.
2022-05-31 01:48:59,895:INFO:database:The table FWDB is selected in the firmwaredatabase.db with the command: select * from FWDB.
2022-05-31 01:48:59,895:INFO:database:The firmwaredatabase.db is updated with the Key: Fwfileid and Value: FILE.
2022-05-31 01:48:59,895:INFO:database:The firmwaredatabase.db is updated with the Key: Manufacturer and Value: Siemens.
2022-05-31 01:48:59,895:INFO:database:The firmwaredatabase.db is updated with the Key: Modelname and Value: SZ-100.
2022-05-31 01:48:59,895:INFO:database:The firmwaredatabase.db is updated with the Key: Version and Value: 1.2.3.
2022-05-31 01:48:59,895:INFO:database:The firmwaredatabase.db is updated with the Key: Type and Value: Router.
2022-05-31 01:48:59,895:INFO:database:The firmwaredatabase.db is updated with the Key: Releasedate and Value: 2022-05-31.
2022-05-31 01:48:59,896:INFO:database:The firmwaredatabase.db is updated with the Key: Checksum and Value: None.
2022-05-31 01:48:59,896:INFO:database:The firmwaredatabase.db is updated with the Key: Embatested and Value: Yes.
2022-05-31 01:48:59,896:INFO:database:The firmwaredatabase.db is updated with the Key: Embalinktoreport and Value: None.
2022-05-31 01:48:59,896:INFO:database:The firmwaredatabase.db is updated with the Key: Embarklinktoreport and Value: https://xyz.com.
2022-05-31 01:48:59,896:INFO:database:The firmwaredatabase.db is updated with the Key: Fwdownlink and Value: https://google.com.
2022-05-31 01:48:59,896:INFO:database:The firmwaredatabase.db is updated with the Key: Fwfilelinktolocal and Value: ./xyz/abc.tar.
2022-05-31 01:48:59,896:INFO:database:The firmwaredatabase.db is updated with the Key: Fwadddata and Value: some long sentence.
2022-05-31 01:48:59,896:INFO:database:The db is updated with the Fwfiledid.
2022-05-31 01:48:59,897:INFO:database:The db is inserted with the command INSERT INTO FWDB('Fwfileid','Manufacturer','Modelname','Version','Type','Releasedate','Checksum','Embatested','Embalinktoreport','Embarklinktoreport','Fwdownlink','Fwfilelinktolocal','Fwadddata') 
									VALUES('FILE_6','Siemens','SZ-100','1.2.3','Router','2022-05-31','None','Yes','None','https://xyz.com','https://google.com','./xyz/abc.tar','some long sentence').
2022-05-31 01:49:00,192:INFO:database:The db commited is with data {'Fwfileid': 'FILE_6', 'Manufacturer': 'Siemens', 'Modelname': 'SZ-100', 'Version': '1.2.3', 'Type': 'Router', 'Releasedate': '2022-05-31', 'Checksum': 'None', 'Embatested': 'Yes', 'Embalinktoreport': 'None', 'Embarklinktoreport': 'https://xyz.com', 'Fwdownlink': 'https://google.com', 'Fwfilelinktolocal': './xyz/abc.tar', 'Fwadddata': 'some long sentence'}.
2022-05-31 02:01:54,659:INFO:database:As the firmwaredatabase.db is found, a new connection will be established.
2022-05-31 02:01:54,660:INFO:database:Connection details: <sqlite3.Connection object at 0x000001CB478CE210>
2022-05-31 02:01:54,660:INFO:database:A cursor is established on firmwaredatabase.db, with the details <sqlite3.Cursor object at 0x000001CB4781A2D0>.
2022-05-31 02:01:54,661:INFO:database:The table FWDB is selected in the firmwaredatabase.db with the command: select * from FWDB.
2022-05-31 02:01:54,662:INFO:database:The firmwaredatabase.db is updated with the Key: Fwfileid and Value: FILE.
2022-05-31 02:01:54,662:INFO:database:The firmwaredatabase.db is updated with the Key: Manufacturer and Value: Siemens.
2022-05-31 02:01:54,662:INFO:database:The firmwaredatabase.db is updated with the Key: Modelname and Value: SZ-100.
2022-05-31 02:01:54,663:INFO:database:The firmwaredatabase.db is updated with the Key: Version and Value: 1.2.3.
2022-05-31 02:01:54,663:INFO:database:The firmwaredatabase.db is updated with the Key: Type and Value: Router.
2022-05-31 02:01:54,663:INFO:database:The firmwaredatabase.db is updated with the Key: Releasedate and Value: 2022-05-31.
2022-05-31 02:01:54,663:INFO:database:The firmwaredatabase.db is updated with the Key: Checksum and Value: None.
2022-05-31 02:01:54,663:INFO:database:The firmwaredatabase.db is updated with the Key: Embatested and Value: Yes.
2022-05-31 02:01:54,663:INFO:database:The firmwaredatabase.db is updated with the Key: Embalinktoreport and Value: None.
2022-05-31 02:01:54,663:INFO:database:The firmwaredatabase.db is updated with the Key: Embarklinktoreport and Value: https://xyz.com.
2022-05-31 02:01:54,663:INFO:database:The firmwaredatabase.db is updated with the Key: Fwdownlink and Value: https://google.com.
2022-05-31 02:01:54,663:INFO:database:The firmwaredatabase.db is updated with the Key: Fwfilelinktolocal and Value: ./xyz/abc.tar.
2022-05-31 02:01:54,663:INFO:database:The firmwaredatabase.db is updated with the Key: Fwadddata and Value: some long sentence.
2022-05-31 02:01:54,663:INFO:database:The db is updated with the Fwfiledid.
2022-05-31 02:01:54,670:INFO:database:The db is inserted with the command INSERT INTO FWDB('Fwfileid','Manufacturer','Modelname','Version','Type','Releasedate','Checksum','Embatested','Embalinktoreport','Embarklinktoreport','Fwdownlink','Fwfilelinktolocal','Fwadddata') 
									VALUES('FILE_9','Siemens','SZ-100','1.2.3','Router','2022-05-31','None','Yes','None','https://xyz.com','https://google.com','./xyz/abc.tar','some long sentence').
2022-05-31 02:01:54,771:INFO:database:The db commited is with data {'Fwfileid': 'FILE_9', 'Manufacturer': 'Siemens', 'Modelname': 'SZ-100', 'Version': '1.2.3', 'Type': 'Router', 'Releasedate': '2022-05-31', 'Checksum': 'None', 'Embatested': 'Yes', 'Embalinktoreport': 'None', 'Embarklinktoreport': 'https://xyz.com', 'Fwdownlink': 'https://google.com', 'Fwfilelinktolocal': './xyz/abc.tar', 'Fwadddata': 'some long sentence'}.
