2022-06-01 00:02:06,265:INFO:database: As there is no db local file, a new firmwaredatabase.db will be created in the file directory.
2022-06-01 00:02:06,289:INFO:database: The database is created successfully in the code repository with the command CREATE TABLE IF NOT EXISTS FWDB(
						Fwfileid VARCHAR PRIMARY KEY,
						Manufacturer TEXT NOT NULL,
						Modelname VARCHAR NOT NULL,
						Version TEXT NOT NULL,
						Type TEXT NOT NULL,
						Releasedate TEXT,
						Checksum TEXT,
						Embatested TEXT NOT NULL,
						Embalinktoreport TEXT,
						Embarklinktoreport TEXT,
						Fwdownlink TEXT NOT NULL,
						Fwfilelinktolocal TEXT NOT NULL,
						Fwadddata BLOB).
2022-06-01 00:02:06,289:INFO:database: As the firmwaredatabase.db is found, a new connection will be established.
2022-06-01 00:02:06,323:INFO:database: Connection details: <sqlite3.Connection object at 0x0000013621B6C810>
2022-06-01 00:02:06,323:INFO:database: A cursor is established on firmwaredatabase.db, with the details <sqlite3.Cursor object at 0x0000013621B58EA0>.
2022-06-01 00:02:06,324:INFO:database: The table FWDB is selected in the firmwaredatabase.db with the command: select * from FWDB.
2022-06-01 00:02:06,324:INFO:database: The firmwaredatabase.db is updated with the Key: Fwfileid and Value: FILE.
2022-06-01 00:02:06,324:INFO:database: The firmwaredatabase.db is updated with the Key: Manufacturer and Value: Siemens.
2022-06-01 00:02:06,324:INFO:database: The firmwaredatabase.db is updated with the Key: Modelname and Value: SZ-100.
2022-06-01 00:02:06,324:INFO:database: The firmwaredatabase.db is updated with the Key: Version and Value: 1.2.3.
2022-06-01 00:02:06,324:INFO:database: The firmwaredatabase.db is updated with the Key: Type and Value: Router.
2022-06-01 00:02:06,324:INFO:database: The firmwaredatabase.db is updated with the Key: Releasedate and Value: 2022-05-31.
2022-06-01 00:02:06,324:INFO:database: The firmwaredatabase.db is updated with the Key: Checksum and Value: None.
2022-06-01 00:02:06,324:INFO:database: The firmwaredatabase.db is updated with the Key: Embatested and Value: Yes.
2022-06-01 00:02:06,324:INFO:database: The firmwaredatabase.db is updated with the Key: Embalinktoreport and Value: None.
2022-06-01 00:02:06,325:INFO:database: The firmwaredatabase.db is updated with the Key: Embarklinktoreport and Value: https://xyz.com.
2022-06-01 00:02:06,325:INFO:database: The firmwaredatabase.db is updated with the Key: Fwdownlink and Value: https://google.com.
2022-06-01 00:02:06,325:INFO:database: The firmwaredatabase.db is updated with the Key: Fwfilelinktolocal and Value: ./xyz/abc.tar.
2022-06-01 00:02:06,325:INFO:database: The firmwaredatabase.db is updated with the Key: Fwadddata and Value: some long sentence.
2022-06-01 00:02:06,325:INFO:database: The db is updated with the Fwfiledid.
2022-06-01 00:02:06,326:INFO:database: The db is inserted with the command INSERT INTO FWDB('Fwfileid','Manufacturer','Modelname','Version','Type','Releasedate','Checksum','Embatested','Embalinktoreport','Embarklinktoreport','Fwdownlink','Fwfilelinktolocal','Fwadddata') 
									VALUES('FILE_1','Siemens','SZ-100','1.2.3','Router','2022-05-31','None','Yes','None','https://xyz.com','https://google.com','./xyz/abc.tar','some long sentence').
2022-06-01 00:02:06,337:INFO:database: The db commited is with data {'Fwfileid': 'FILE_1', 'Manufacturer': 'Siemens', 'Modelname': 'SZ-100', 'Version': '1.2.3', 'Type': 'Router', 'Releasedate': '2022-05-31', 'Checksum': 'None', 'Embatested': 'Yes', 'Embalinktoreport': 'None', 'Embarklinktoreport': 'https://xyz.com', 'Fwdownlink': 'https://google.com', 'Fwfilelinktolocal': './xyz/abc.tar', 'Fwadddata': 'some long sentence'}.
2022-06-01 14:12:15,986:INFO:database: As the firmwaredatabase.db is found, a new connection will be established.
2022-06-01 14:12:16,018:INFO:database: Connection details: <sqlite3.Connection object at 0x000001DFC85643B0>
2022-06-01 14:12:16,018:INFO:database: A cursor is established on firmwaredatabase.db, with the details <sqlite3.Cursor object at 0x000001DFC8508C00>.
2022-06-01 14:12:16,019:INFO:database: The table FWDB is selected in the firmwaredatabase.db with the command: select * from FWDB.
2022-06-01 14:12:16,019:INFO:database: The firmwaredatabase.db is updated with the Key: Fwfileid and Value: FILE.
2022-06-01 14:12:16,019:INFO:database: The firmwaredatabase.db is updated with the Key: Manufacturer and Value: Siemens.
2022-06-01 14:12:16,020:INFO:database: The firmwaredatabase.db is updated with the Key: Modelname and Value: SZ-100.
2022-06-01 14:12:16,020:INFO:database: The firmwaredatabase.db is updated with the Key: Version and Value: 1.2.3.
2022-06-01 14:12:16,020:INFO:database: The firmwaredatabase.db is updated with the Key: Type and Value: Router.
2022-06-01 14:12:16,020:INFO:database: The firmwaredatabase.db is updated with the Key: Releasedate and Value: 2022-05-31.
2022-06-01 14:12:16,020:INFO:database: The firmwaredatabase.db is updated with the Key: Checksum and Value: None.
2022-06-01 14:12:16,020:INFO:database: The firmwaredatabase.db is updated with the Key: Embatested and Value: Yes.
2022-06-01 14:12:16,020:INFO:database: The firmwaredatabase.db is updated with the Key: Embalinktoreport and Value: None.
2022-06-01 14:12:16,020:INFO:database: The firmwaredatabase.db is updated with the Key: Embarklinktoreport and Value: https://xyz.com.
2022-06-01 14:12:16,020:INFO:database: The firmwaredatabase.db is updated with the Key: Fwdownlink and Value: https://google.com.
2022-06-01 14:12:16,021:INFO:database: The firmwaredatabase.db is updated with the Key: Fwfilelinktolocal and Value: ./xyz/abc.tar.
2022-06-01 14:12:16,021:INFO:database: The firmwaredatabase.db is updated with the Key: Fwadddata and Value: some long sentence.
2022-06-01 14:12:16,021:INFO:database: The db is updated with the Fwfiledid.
2022-06-01 14:12:16,025:INFO:database: The db is inserted with the command INSERT INTO FWDB('Fwfileid','Manufacturer','Modelname','Version','Type','Releasedate','Checksum','Embatested','Embalinktoreport','Embarklinktoreport','Fwdownlink','Fwfilelinktolocal','Fwadddata') 
									VALUES('FILE_2','Siemens','SZ-100','1.2.3','Router','2022-05-31','None','Yes','None','https://xyz.com','https://google.com','./xyz/abc.tar','some long sentence').
2022-06-01 14:12:16,036:INFO:database: The db commited is with data {'Fwfileid': 'FILE_2', 'Manufacturer': 'Siemens', 'Modelname': 'SZ-100', 'Version': '1.2.3', 'Type': 'Router', 'Releasedate': '2022-05-31', 'Checksum': 'None', 'Embatested': 'Yes', 'Embalinktoreport': 'None', 'Embarklinktoreport': 'https://xyz.com', 'Fwdownlink': 'https://google.com', 'Fwfilelinktolocal': './xyz/abc.tar', 'Fwadddata': 'some long sentence'}.
